Request / 10 bytes written.
Request / 10 bytes written.
Request / 11 bytes written.
Request / 11 bytes written.
Request / 11 bytes written.
Request / 11 bytes written.
Request / 11 bytes written.
Request / 11 bytes written.
Request / 11 bytes written.
Request / 11 bytes written.
Request / 11 bytes written.
Request / 11 bytes written.
Request / 10 bytes written.
Request / 11 bytes written.
Request / 11 bytes written.
Request / 11 bytes written.
Request / 10 bytes written.
Request / 11 bytes written.
Request / 11 bytes written.
Request / 11 bytes written.
Request / 11 bytes written.
Request / 11 bytes written.
Request / 10 bytes written.
Request / 11 bytes written.
Request / 11 bytes written.
Request / 10 bytes written.
Request / 11 bytes written.
Request / 11 bytes written.
Request / 11 bytes written.
Request / 11 bytes written.
Request / 11 bytes written.
Request / 11 bytes written.
Request / 11 bytes written.
Request / 11 bytes written.
Request / 11 bytes written.
Request / 11 bytes written.
Request / 10 bytes written.
Request / 11 bytes written.
Request / 11 bytes written.
Request / 11 bytes written.
Request / 11 bytes written.
Request / 11 bytes written.
Request / 11 bytes written.
Request / 11 bytes written.
Request / 11 bytes written.
Request / 11 bytes written.
Request / 11 bytes written.
Request / 11 bytes written.
Request / 9 bytes written.
Request / 11 bytes written.
Request / 11 bytes written.
Request / 11 bytes written.
Request / 11 bytes written.
Request / 11 bytes written.
Request / 11 bytes written.
Request / 11 bytes written.
Request / 11 bytes written.
Request / 11 bytes written.
Request / 11 bytes written.
Request / 11 bytes written.
Request / 11 bytes written.
Request / 11 bytes written.
Request / 11 bytes written.
Request / 11 bytes written.
Request / 11 bytes written.
Request / 11 bytes written.
Request / 10 bytes written.
Request / 9 bytes written.
Request / 11 bytes written.
Request / 11 bytes written.
Request / 10 bytes written.
Request / 11 bytes written.
Request / 11 bytes written.
Request / 11 bytes written.
Request / 11 bytes written.
Request / 11 bytes written.
Request / 11 bytes written.
Request / 11 bytes written.
Request / 11 bytes written.
Request / 10 bytes written.
Request / 11 bytes written.
Request / 11 bytes written.
Request / 11 bytes written.
Request / 11 bytes written.
Request / 11 bytes written.
Request / 11 bytes written.
Request / 11 bytes written.
Request / 11 bytes written.
Request / 11 bytes written.
Request / 11 bytes written.
Request / 11 bytes written.
Request / 10 bytes written.
Request / 11 bytes written.
Request / 11 bytes written.
Request / 11 bytes written.
Request / 10 bytes written.
Request / 11 bytes written.
Request / 10 bytes written.
Request / 10 bytes written.
Request / 11 bytes written.
Request / 11 bytes written.
Request / 11 bytes written.
Request / 11 bytes written.
Request / 11 bytes written.
Request / 11 bytes written.
Request / 11 bytes written.
Request / 11 bytes written.
Request / 11 bytes written.
Request / 11 bytes written.
Request / 11 bytes written.
Request / 10 bytes written.
Request / 11 bytes written.
Request / 8 bytes written.
Request / 11 bytes written.
Request / 11 bytes written.
Request / 11 bytes written.
Request / 11 bytes written.
Request / 11 bytes written.
Request / 11 bytes written.
Request / 10 bytes written.
Request / 11 bytes written.
Request / 10 bytes written.
Request / 11 bytes written.
Request / 11 bytes written.
Request / 11 bytes written.
Request / 11 bytes written.
Request / 11 bytes written.
Request / 11 bytes written.
rs:1570283354309
rf:1570283354311
Request / 11 bytes written.
Request / 11 bytes written.
Request / 11 bytes written.
Request / 11 bytes written.
Request / 11 bytes written.
Request / 11 bytes written.
Request / 11 bytes written.
Request / 9 bytes written.
Request / 11 bytes written.
Request / 11 bytes written.
Request / 10 bytes written.
Request / 11 bytes written.
Request / 11 bytes written.
Request / 10 bytes written.
Request / 11 bytes written.
Request / 11 bytes written.
Request / 10 bytes written.
Request / 11 bytes written.
Request / 11 bytes written.
Request / 11 bytes written.
Request / 11 bytes written.
Request / 11 bytes written.
Request / 11 bytes written.
Request / 11 bytes written.
Request / 11 bytes written.
Request / 10 bytes written.
Request / 11 bytes written.
Request / 11 bytes written.
Request / 11 bytes written.
Request / 11 bytes written.
Request / 11 bytes written.
Request / 11 bytes written.
Request / 11 bytes written.
Request / 10 bytes written.
Request / 11 bytes written.
Request / 11 bytes written.
Request / 11 bytes written.
Request / 11 bytes written.
Request / 11 bytes written.
Request / 11 bytes written.
Request / 11 bytes written.
Request / 11 bytes written.
Request / 10 bytes written.
Request / 11 bytes written.
Request / 10 bytes written.
Request / 11 bytes written.
Request / 11 bytes written.
Request / 11 bytes written.
Request / 11 bytes written.
Request / 11 bytes written.
Request / 11 bytes written.
Request / 11 bytes written.
Request / 11 bytes written.
Request / 10 bytes written.
Request / 10 bytes written.
Request / 11 bytes written.
Request / 11 bytes written.
Request / 10 bytes written.
Request / 11 bytes written.
Request / 10 bytes written.
Request / 9 bytes written.
Request / 11 bytes written.
Request / 10 bytes written.
Request / 11 bytes written.
Request / 10 bytes written.
Request / 10 bytes written.
Request / 11 bytes written.
Request / 11 bytes written.
Request / 11 bytes written.
Request / 11 bytes written.
Request / 11 bytes written.
Request / 11 bytes written.
Request / 11 bytes written.
Request / 11 bytes written.
Request / 11 bytes written.
Request / 11 bytes written.
Request / 11 bytes written.
Request / 11 bytes written.
Request / 10 bytes written.
Request / 11 bytes written.
Request / 11 bytes written.
Request / 11 bytes written.
Request / 11 bytes written.
Request / 11 bytes written.
Request / 11 bytes written.
Request / 10 bytes written.
Request / 11 bytes written.
Request / 11 bytes written.
Request / 11 bytes written.
Request / 11 bytes written.
Request / 11 bytes written.
Request / 11 bytes written.
Request / 11 bytes written.
Request / 11 bytes written.
Request / 11 bytes written.
Request / 11 bytes written.
Request / 10 bytes written.
Request / 11 bytes written.
Request / 11 bytes written.
Request / 10 bytes written.
Request / 11 bytes written.
Request / 11 bytes written.
Request / 11 bytes written.
Request / 11 bytes written.
Request / 11 bytes written.
Request / 11 bytes written.
Request / 11 bytes written.
Request / 11 bytes written.
Request / 11 bytes written.
Request / 11 bytes written.
Request / 11 bytes written.
Request / 11 bytes written.
Request / 11 bytes written.
Request / 11 bytes written.
Request / 10 bytes written.
Request / 10 bytes written.
Request / 10 bytes written.
Request / 11 bytes written.
Request / 10 bytes written.
Request / 11 bytes written.
Request / 11 bytes written.
Request / 11 bytes written.
Request / 11 bytes written.
Request / 11 bytes written.
Request / 11 bytes written.
Request / 11 bytes written.
Request / 11 bytes written.
Request / 11 bytes written.
rs:1570283364668
rf:1570283364669
rs:1570283364669
gc:1570283364669
rf:1570283364701
Request / 11 bytes written.
Request / 9 bytes written.
Request / 10 bytes written.
Request / 11 bytes written.
Request / 11 bytes written.
Request / 11 bytes written.
Request / 11 bytes written.
Request / 11 bytes written.
Request / 11 bytes written.
Request / 11 bytes written.
Request / 11 bytes written.
Request / 11 bytes written.
Request / 11 bytes written.
Request / 11 bytes written.
Request / 11 bytes written.
Request / 11 bytes written.
Request / 10 bytes written.
Request / 11 bytes written.
Request / 10 bytes written.
Request / 11 bytes written.
Request / 11 bytes written.
Request / 11 bytes written.
Request / 11 bytes written.
Request / 11 bytes written.
Request / 11 bytes written.
Request / 11 bytes written.
Request / 11 bytes written.
Request / 11 bytes written.
Request / 11 bytes written.
Request / 11 bytes written.
Request / 10 bytes written.
Request / 11 bytes written.
Request / 11 bytes written.
Request / 10 bytes written.
Request / 11 bytes written.
Request / 11 bytes written.
Request / 11 bytes written.
Request / 11 bytes written.
Request / 11 bytes written.
Request / 10 bytes written.
Request / 11 bytes written.
Request / 9 bytes written.
Request / 11 bytes written.
Request / 9 bytes written.
Request / 11 bytes written.
Request / 10 bytes written.
Request / 11 bytes written.
Request / 11 bytes written.
Request / 11 bytes written.
Request / 11 bytes written.
Request / 11 bytes written.
Request / 11 bytes written.
Request / 11 bytes written.
Request / 10 bytes written.
Request / 10 bytes written.
Request / 11 bytes written.
Request / 11 bytes written.
Request / 11 bytes written.
Request / 11 bytes written.
Request / 11 bytes written.
Request / 11 bytes written.
Request / 11 bytes written.
Request / 10 bytes written.
Request / 11 bytes written.
Request / 11 bytes written.
Request / 11 bytes written.
Request / 11 bytes written.
Request / 11 bytes written.
Request / 10 bytes written.
Request / 11 bytes written.
Request / 11 bytes written.
Request / 11 bytes written.
Request / 11 bytes written.
Request / 11 bytes written.
Request / 11 bytes written.
Request / 11 bytes written.
Request / 10 bytes written.
Request / 11 bytes written.
Request / 11 bytes written.
Request / 11 bytes written.
Request / 11 bytes written.
Request / 11 bytes written.
Request / 10 bytes written.
Request / 11 bytes written.
Request / 10 bytes written.
Request / 10 bytes written.
Request / 11 bytes written.
Request / 11 bytes written.
Request / 11 bytes written.
Request / 10 bytes written.
Request / 11 bytes written.
Request / 11 bytes written.
Request / 11 bytes written.
Request / 11 bytes written.
Request / 10 bytes written.
Request / 11 bytes written.
Request / 10 bytes written.
Request / 11 bytes written.
Request / 11 bytes written.
Request / 11 bytes written.
Request / 11 bytes written.
Request / 10 bytes written.
Request / 11 bytes written.
Request / 11 bytes written.
Request / 11 bytes written.
Request / 11 bytes written.
Request / 11 bytes written.
Request / 10 bytes written.
Request / 11 bytes written.
Request / 11 bytes written.
Request / 11 bytes written.
Request / 11 bytes written.
Request / 11 bytes written.
Request / 11 bytes written.
Request / 11 bytes written.
Request / 10 bytes written.
Request / 11 bytes written.
Request / 10 bytes written.
Request / 11 bytes written.
Request / 9 bytes written.
Request / 11 bytes written.
Request / 11 bytes written.
Request / 11 bytes written.
Request / 11 bytes written.
Request / 11 bytes written.
Request / 11 bytes written.
Request / 11 bytes written.
Request / 11 bytes written.
rs:1570283374996
rf:1570283374996
Request / 11 bytes written.
Request / 11 bytes written.
Request / 11 bytes written.
Request / 11 bytes written.
Request / 11 bytes written.
Request / 11 bytes written.
Request / 11 bytes written.
Request / 11 bytes written.
Request / 11 bytes written.
Request / 11 bytes written.
Request / 11 bytes written.
Request / 11 bytes written.
Request / 10 bytes written.
Request / 11 bytes written.
Request / 11 bytes written.
Request / 10 bytes written.
Request / 11 bytes written.
Request / 11 bytes written.
Request / 11 bytes written.
Request / 11 bytes written.
Request / 9 bytes written.
Request / 11 bytes written.
Request / 11 bytes written.
Request / 11 bytes written.
Request / 11 bytes written.
Request / 11 bytes written.
Request / 11 bytes written.
Request / 11 bytes written.
Request / 11 bytes written.
Request / 11 bytes written.
Request / 11 bytes written.
Request / 11 bytes written.
Request / 11 bytes written.
Request / 11 bytes written.
Request / 11 bytes written.
Request / 11 bytes written.
Request / 11 bytes written.
Request / 11 bytes written.
Request / 11 bytes written.
Request / 11 bytes written.
Request / 11 bytes written.
Request / 11 bytes written.
Request / 9 bytes written.
Request / 10 bytes written.
Request / 11 bytes written.
Request / 10 bytes written.
Request / 11 bytes written.
Request / 11 bytes written.
Request / 11 bytes written.
Request / 11 bytes written.
Request / 11 bytes written.
Request / 11 bytes written.
Request / 11 bytes written.
Request / 11 bytes written.
Request / 11 bytes written.
Request / 11 bytes written.
Request / 11 bytes written.
Request / 11 bytes written.
Request / 11 bytes written.
Request / 10 bytes written.
Request / 11 bytes written.
Request / 11 bytes written.
Request / 11 bytes written.
Request / 9 bytes written.
Request / 10 bytes written.
Request / 11 bytes written.
Request / 11 bytes written.
Request / 11 bytes written.
Request / 11 bytes written.
Request / 11 bytes written.
Request / 11 bytes written.
Request / 11 bytes written.
Request / 11 bytes written.
Request / 11 bytes written.
Request / 11 bytes written.
Request / 11 bytes written.
Request / 11 bytes written.
Request / 11 bytes written.
Request / 11 bytes written.
Request / 11 bytes written.
Request / 9 bytes written.
Request / 11 bytes written.
Request / 11 bytes written.
Request / 11 bytes written.
Request / 11 bytes written.
Request / 10 bytes written.
Request / 11 bytes written.
Request / 11 bytes written.
Request / 11 bytes written.
Request / 11 bytes written.
Request / 11 bytes written.
Request / 11 bytes written.
Request / 11 bytes written.
Request / 10 bytes written.
Request / 9 bytes written.
Request / 11 bytes written.
Request / 11 bytes written.
Request / 11 bytes written.
Request / 10 bytes written.
Request / 11 bytes written.
Request / 11 bytes written.
Request / 10 bytes written.
Request / 11 bytes written.
Request / 11 bytes written.
Request / 11 bytes written.
Request / 11 bytes written.
Request / 11 bytes written.
Request / 11 bytes written.
Request / 11 bytes written.
Request / 11 bytes written.
Request / 11 bytes written.
Request / 11 bytes written.
Request / 9 bytes written.
Request / 11 bytes written.
Request / 11 bytes written.
Request / 11 bytes written.
Request / 11 bytes written.
Request / 11 bytes written.
Request / 11 bytes written.
Request / 10 bytes written.
Request / 10 bytes written.
Request / 10 bytes written.
Request / 11 bytes written.
Request / 11 bytes written.
Request / 11 bytes written.
Request / 11 bytes written.
Request / 11 bytes written.
Request / 11 bytes written.
rs:1570283385312
rf:1570283385312
rs:1570283385313
gc:1570283385313
rf:1570283385337
Request / 11 bytes written.
Request / 11 bytes written.
Request / 11 bytes written.
Request / 11 bytes written.
Request / 11 bytes written.
Request / 11 bytes written.
Request / 11 bytes written.
Request / 11 bytes written.
Request / 11 bytes written.
Request / 11 bytes written.
Request / 11 bytes written.
Request / 11 bytes written.
Request / 11 bytes written.
Request / 10 bytes written.
Request / 11 bytes written.
Request / 11 bytes written.
Request / 11 bytes written.
Request / 10 bytes written.
Request / 11 bytes written.
Request / 11 bytes written.
Request / 10 bytes written.
Request / 11 bytes written.
Request / 11 bytes written.
Request / 11 bytes written.
Request / 10 bytes written.
Request / 11 bytes written.
Request / 11 bytes written.
Request / 9 bytes written.
Request / 11 bytes written.
Request / 11 bytes written.
Request / 11 bytes written.
Request / 11 bytes written.
Request / 11 bytes written.
Request / 11 bytes written.
Request / 11 bytes written.
Request / 11 bytes written.
Request / 11 bytes written.
Request / 11 bytes written.
Request / 11 bytes written.
Request / 11 bytes written.
Request / 11 bytes written.
Request / 11 bytes written.
Request / 11 bytes written.
Request / 11 bytes written.
Request / 11 bytes written.
Request / 11 bytes written.
Request / 11 bytes written.
Request / 11 bytes written.
Request / 11 bytes written.
Request / 11 bytes written.
Request / 10 bytes written.
Request / 11 bytes written.
Request / 11 bytes written.
Request / 11 bytes written.
Request / 11 bytes written.
Request / 11 bytes written.
Request / 11 bytes written.
Request / 9 bytes written.
Request / 11 bytes written.
Request / 10 bytes written.
Request / 10 bytes written.
Request / 11 bytes written.
Request / 11 bytes written.
Request / 11 bytes written.
Request / 11 bytes written.
Request / 11 bytes written.
Request / 11 bytes written.
Request / 10 bytes written.
Request / 11 bytes written.
Request / 10 bytes written.
Request / 11 bytes written.
Request / 10 bytes written.
Request / 10 bytes written.
Request / 11 bytes written.
Request / 11 bytes written.
Request / 10 bytes written.
Request / 11 bytes written.
Request / 11 bytes written.
Request / 11 bytes written.
Request / 11 bytes written.
Request / 11 bytes written.
Request / 11 bytes written.
Request / 11 bytes written.
Request / 9 bytes written.
Request / 10 bytes written.
Request / 11 bytes written.
Request / 11 bytes written.
Request / 11 bytes written.
Request / 11 bytes written.
Request / 11 bytes written.
Request / 9 bytes written.
Request / 10 bytes written.
Request / 10 bytes written.
Request / 11 bytes written.
Request / 11 bytes written.
Request / 11 bytes written.
Request / 10 bytes written.
Request / 11 bytes written.
Request / 11 bytes written.
Request / 11 bytes written.
Request / 11 bytes written.
Request / 11 bytes written.
Request / 11 bytes written.
Request / 11 bytes written.
Request / 9 bytes written.
Request / 11 bytes written.
Request / 11 bytes written.
Request / 11 bytes written.
Request / 11 bytes written.
Request / 11 bytes written.
Request / 11 bytes written.
Request / 11 bytes written.
Request / 11 bytes written.
Request / 11 bytes written.
Request / 11 bytes written.
Request / 11 bytes written.
Request / 11 bytes written.
Request / 11 bytes written.
Request / 11 bytes written.
Request / 11 bytes written.
Request / 11 bytes written.
Request / 11 bytes written.
Request / 11 bytes written.
Request / 11 bytes written.
Request / 10 bytes written.
Request / 11 bytes written.
Request / 11 bytes written.
Request / 11 bytes written.
rs:1570283395728
rf:1570283395728
Request / 11 bytes written.
Request / 10 bytes written.
Request / 11 bytes written.
Request / 10 bytes written.
Request / 11 bytes written.
Request / 11 bytes written.
Request / 11 bytes written.
Request / 11 bytes written.
Request / 10 bytes written.
Request / 11 bytes written.
Request / 11 bytes written.
Request / 11 bytes written.
Request / 10 bytes written.
Request / 11 bytes written.
Request / 11 bytes written.
Request / 11 bytes written.
Request / 11 bytes written.
Request / 11 bytes written.
Request / 11 bytes written.
Request / 11 bytes written.
Request / 11 bytes written.
Request / 11 bytes written.
Request / 9 bytes written.
Request / 11 bytes written.
Request / 10 bytes written.
Request / 11 bytes written.
Request / 11 bytes written.
Request / 11 bytes written.
Request / 11 bytes written.
Request / 11 bytes written.
Request / 11 bytes written.
Request / 11 bytes written.
Request / 11 bytes written.
Request / 10 bytes written.
Request / 11 bytes written.
Request / 11 bytes written.
Request / 10 bytes written.
Request / 11 bytes written.
Request / 11 bytes written.
Request / 11 bytes written.
Request / 11 bytes written.
Request / 11 bytes written.
Request / 11 bytes written.
Request / 11 bytes written.
Request / 11 bytes written.
Request / 11 bytes written.
Request / 11 bytes written.
Request / 11 bytes written.
Request / 11 bytes written.
Request / 11 bytes written.
Request / 11 bytes written.
Request / 11 bytes written.
Request / 11 bytes written.
Request / 10 bytes written.
Request / 11 bytes written.
Request / 11 bytes written.
Request / 11 bytes written.
Request / 10 bytes written.
Request / 11 bytes written.
Request / 11 bytes written.
Request / 11 bytes written.
Request / 11 bytes written.
Request / 11 bytes written.
Request / 10 bytes written.
Request / 11 bytes written.
Request / 11 bytes written.
Request / 11 bytes written.
Request / 10 bytes written.
Request / 11 bytes written.
Request / 11 bytes written.
Request / 11 bytes written.
Request / 11 bytes written.
Request / 11 bytes written.
Request / 9 bytes written.
Request / 11 bytes written.
Request / 11 bytes written.
Request / 11 bytes written.
Request / 11 bytes written.
Request / 11 bytes written.
Request / 10 bytes written.
Request / 11 bytes written.
Request / 10 bytes written.
Request / 11 bytes written.
Request / 11 bytes written.
Request / 11 bytes written.
Request / 10 bytes written.
Request / 11 bytes written.
Request / 11 bytes written.
Request / 11 bytes written.
Request / 11 bytes written.
Request / 11 bytes written.
Request / 11 bytes written.
Request / 11 bytes written.
Request / 11 bytes written.
Request / 11 bytes written.
Request / 11 bytes written.
Request / 10 bytes written.
Request / 11 bytes written.
Request / 11 bytes written.
Request / 11 bytes written.
Request / 11 bytes written.
Request / 11 bytes written.
Request / 11 bytes written.
Request / 11 bytes written.
Request / 11 bytes written.
Request / 11 bytes written.
Request / 11 bytes written.
Request / 11 bytes written.
Request / 11 bytes written.
Request / 10 bytes written.
Request / 11 bytes written.
Request / 10 bytes written.
Request / 11 bytes written.
Request / 11 bytes written.
Request / 11 bytes written.
Request / 10 bytes written.
Request / 10 bytes written.
Request / 11 bytes written.
Request / 11 bytes written.
Request / 10 bytes written.
Request / 11 bytes written.
Request / 11 bytes written.
Request / 11 bytes written.
Request / 11 bytes written.
Request / 11 bytes written.
Request / 11 bytes written.
Request / 11 bytes written.
Request / 11 bytes written.
rs:1570283406128
rf:1570283406129
rs:1570283406130
gc:1570283406130
rf:1570283406154
Request / 11 bytes written.
Request / 10 bytes written.
Request / 11 bytes written.
Request / 11 bytes written.
Request / 8 bytes written.
Request / 10 bytes written.
Request / 11 bytes written.
Request / 11 bytes written.
Request / 9 bytes written.
Request / 11 bytes written.
Request / 10 bytes written.
Request / 11 bytes written.
Request / 11 bytes written.
Request / 10 bytes written.
Request / 9 bytes written.
Request / 11 bytes written.
Request / 10 bytes written.
Request / 11 bytes written.
Request / 10 bytes written.
Request / 11 bytes written.
Request / 10 bytes written.
Request / 11 bytes written.
Request / 10 bytes written.
Request / 11 bytes written.
Request / 11 bytes written.
Request / 11 bytes written.
Request / 9 bytes written.
Request / 11 bytes written.
Request / 11 bytes written.
Request / 11 bytes written.
Request / 11 bytes written.
Request / 11 bytes written.
Request / 10 bytes written.
Request / 11 bytes written.
Request / 11 bytes written.
Request / 11 bytes written.
Request / 11 bytes written.
Request / 11 bytes written.
Request / 10 bytes written.
Request / 11 bytes written.
Request / 11 bytes written.
Request / 11 bytes written.
Request / 11 bytes written.
Request / 11 bytes written.
Request / 11 bytes written.
Request / 11 bytes written.
Request / 11 bytes written.
Request / 11 bytes written.
Request / 11 bytes written.
Request / 11 bytes written.
Request / 11 bytes written.
Request / 11 bytes written.
Request / 11 bytes written.
Request / 11 bytes written.
Request / 11 bytes written.
Request / 11 bytes written.
Request / 10 bytes written.
Request / 11 bytes written.
Request / 11 bytes written.
Request / 10 bytes written.
Request / 11 bytes written.
Request / 11 bytes written.
Request / 11 bytes written.
Request / 11 bytes written.
Request / 10 bytes written.
Request / 11 bytes written.
Request / 11 bytes written.
Request / 11 bytes written.
Request / 11 bytes written.
Request / 11 bytes written.
Request / 11 bytes written.
Request / 11 bytes written.
Request / 11 bytes written.
Request / 11 bytes written.
Request / 11 bytes written.
Request / 10 bytes written.
Request / 11 bytes written.
Request / 10 bytes written.
Request / 11 bytes written.
Request / 11 bytes written.
Request / 11 bytes written.
Request / 11 bytes written.
Request / 11 bytes written.
Request / 11 bytes written.
Request / 11 bytes written.
Request / 11 bytes written.
Request / 11 bytes written.
Request / 11 bytes written.
Request / 9 bytes written.
Request / 11 bytes written.
Request / 11 bytes written.
Request / 11 bytes written.
Request / 11 bytes written.
Request / 10 bytes written.
Request / 10 bytes written.
Request / 11 bytes written.
Request / 11 bytes written.
Request / 11 bytes written.
Request / 10 bytes written.
Request / 11 bytes written.
Request / 11 bytes written.
Request / 11 bytes written.
Request / 11 bytes written.
Request / 11 bytes written.
Request / 11 bytes written.
Request / 11 bytes written.
Request / 11 bytes written.
Request / 11 bytes written.
Request / 11 bytes written.
Request / 10 bytes written.
Request / 11 bytes written.
Request / 11 bytes written.
Request / 10 bytes written.
Request / 11 bytes written.
Request / 11 bytes written.
Request / 11 bytes written.
Request / 10 bytes written.
Request / 11 bytes written.
Request / 11 bytes written.
Request / 10 bytes written.
Request / 11 bytes written.
Request / 10 bytes written.
Request / 11 bytes written.
Request / 11 bytes written.
Request / 11 bytes written.
Request / 11 bytes written.
Request / 10 bytes written.
Request / 11 bytes written.
rs:1570283416432
rf:1570283416432
Request / 11 bytes written.
Request / 11 bytes written.
Request / 10 bytes written.
Request / 11 bytes written.
Request / 11 bytes written.
Request / 10 bytes written.
Request / 10 bytes written.
Request / 11 bytes written.
Request / 10 bytes written.
Request / 11 bytes written.
Request / 11 bytes written.
Request / 11 bytes written.
Request / 11 bytes written.
Request / 10 bytes written.
Request / 11 bytes written.
Request / 11 bytes written.
Request / 11 bytes written.
Request / 11 bytes written.
Request / 11 bytes written.
Request / 11 bytes written.
Request / 10 bytes written.
Request / 10 bytes written.
Request / 11 bytes written.
Request / 10 bytes written.
Request / 11 bytes written.
Request / 11 bytes written.
Request / 11 bytes written.
Request / 11 bytes written.
Request / 11 bytes written.
Request / 11 bytes written.
Request / 10 bytes written.
Request / 11 bytes written.
Request / 10 bytes written.
Request / 11 bytes written.
Request / 10 bytes written.
Request / 11 bytes written.
Request / 11 bytes written.
Request / 11 bytes written.
Request / 10 bytes written.
Request / 11 bytes written.
Request / 11 bytes written.
Request / 11 bytes written.
Request / 10 bytes written.
Request / 11 bytes written.
Request / 11 bytes written.
Request / 11 bytes written.
Request / 11 bytes written.
Request / 11 bytes written.
Request / 10 bytes written.
Request / 11 bytes written.
Request / 11 bytes written.
Request / 11 bytes written.
Request / 11 bytes written.
Request / 11 bytes written.
Request / 11 bytes written.
Request / 11 bytes written.
Request / 11 bytes written.
Request / 10 bytes written.
Request / 11 bytes written.
Request / 10 bytes written.
Request / 11 bytes written.
Request / 11 bytes written.
Request / 11 bytes written.
Request / 10 bytes written.
Request / 11 bytes written.
Request / 11 bytes written.
Request / 11 bytes written.
Request / 11 bytes written.
Request / 11 bytes written.
Request / 11 bytes written.
Request / 11 bytes written.
Request / 11 bytes written.
Request / 11 bytes written.
Request / 11 bytes written.
Request / 11 bytes written.
Request / 11 bytes written.
Request / 10 bytes written.
Request / 10 bytes written.
Request / 11 bytes written.
Request / 11 bytes written.
Request / 11 bytes written.
Request / 11 bytes written.
Request / 11 bytes written.
Request / 11 bytes written.
Request / 10 bytes written.
Request / 11 bytes written.
Request / 11 bytes written.
Request / 11 bytes written.
Request / 11 bytes written.
Request / 11 bytes written.
Request / 11 bytes written.
Request / 11 bytes written.
Request / 9 bytes written.
Request / 11 bytes written.
Request / 11 bytes written.
Request / 11 bytes written.
Request / 10 bytes written.
Request / 11 bytes written.
Request / 11 bytes written.
Request / 11 bytes written.
Request / 11 bytes written.
Request / 11 bytes written.
Request / 11 bytes written.
Request / 10 bytes written.
Request / 10 bytes written.
Request / 11 bytes written.
Request / 11 bytes written.
Request / 9 bytes written.
Request / 11 bytes written.
Request / 11 bytes written.
Request / 11 bytes written.
Request / 11 bytes written.
Request / 11 bytes written.
Request / 11 bytes written.
Request / 11 bytes written.
Request / 11 bytes written.
Request / 11 bytes written.
Request / 11 bytes written.
Request / 10 bytes written.
Request / 11 bytes written.
Request / 10 bytes written.
Request / 11 bytes written.
Request / 11 bytes written.
Request / 10 bytes written.
Request / 11 bytes written.
Request / 11 bytes written.
Request / 11 bytes written.
Request / 10 bytes written.
rs:1570283426668
rf:1570283426669
rs:1570283426670
gc:1570283426670
rf:1570283426695
Request / 8 bytes written.
Request / 11 bytes written.
Request / 11 bytes written.
Request / 11 bytes written.
Request / 11 bytes written.
Request / 11 bytes written.
Request / 11 bytes written.
Request / 11 bytes written.
Request / 10 bytes written.
Request / 11 bytes written.
Request / 11 bytes written.
Request / 11 bytes written.
Request / 11 bytes written.
Request / 11 bytes written.
Request / 11 bytes written.
Request / 11 bytes written.
Request / 11 bytes written.
Request / 11 bytes written.
Request / 11 bytes written.
Request / 11 bytes written.
Request / 11 bytes written.
Request / 11 bytes written.
Request / 11 bytes written.
Request / 11 bytes written.
Request / 10 bytes written.
Request / 11 bytes written.
Request / 11 bytes written.
Request / 11 bytes written.
Request / 11 bytes written.
Request / 11 bytes written.
Request / 11 bytes written.
Request / 10 bytes written.
Request / 11 bytes written.
Request / 11 bytes written.
Request / 11 bytes written.
Request / 11 bytes written.
Request / 11 bytes written.
Request / 11 bytes written.
Request / 11 bytes written.
Request / 11 bytes written.
Request / 11 bytes written.
Request / 11 bytes written.
Request / 11 bytes written.
Request / 11 bytes written.
Request / 11 bytes written.
Request / 11 bytes written.
Request / 11 bytes written.
Request / 11 bytes written.
Request / 11 bytes written.
Request / 11 bytes written.
Request / 11 bytes written.
Request / 11 bytes written.
Request / 11 bytes written.
Request / 10 bytes written.
Request / 10 bytes written.
Request / 11 bytes written.
Request / 11 bytes written.
Request / 11 bytes written.
Request / 11 bytes written.
Request / 10 bytes written.
Request / 10 bytes written.
Request / 11 bytes written.
Request / 11 bytes written.
Request / 11 bytes written.
Request / 11 bytes written.
Request / 11 bytes written.
Request / 11 bytes written.
Request / 10 bytes written.
Request / 11 bytes written.
Request / 11 bytes written.
Request / 10 bytes written.
Request / 11 bytes written.
Request / 11 bytes written.
Request / 11 bytes written.
Request / 11 bytes written.
Request / 11 bytes written.
Request / 11 bytes written.
Request / 11 bytes written.
Request / 11 bytes written.
Request / 10 bytes written.
Request / 11 bytes written.
Request / 11 bytes written.
Request / 11 bytes written.
Request / 11 bytes written.
Request / 11 bytes written.
Request / 11 bytes written.
Request / 11 bytes written.
Request / 11 bytes written.
Request / 11 bytes written.
Request / 11 bytes written.
Request / 11 bytes written.
Request / 11 bytes written.
Request / 11 bytes written.
Request / 11 bytes written.
Request / 10 bytes written.
Request / 10 bytes written.
Request / 11 bytes written.
Request / 11 bytes written.
Request / 11 bytes written.
Request / 11 bytes written.
Request / 9 bytes written.
Request / 10 bytes written.
Request / 11 bytes written.
Request / 10 bytes written.
Request / 10 bytes written.
Request / 11 bytes written.
Request / 11 bytes written.
Request / 11 bytes written.
Request / 11 bytes written.
Request / 11 bytes written.
Request / 11 bytes written.
Request / 11 bytes written.
Request / 11 bytes written.
Request / 11 bytes written.
Request / 11 bytes written.
Request / 11 bytes written.
Request / 11 bytes written.
Request / 11 bytes written.
Request / 11 bytes written.
Request / 11 bytes written.
Request / 11 bytes written.
Request / 11 bytes written.
Request / 11 bytes written.
Request / 11 bytes written.
Request / 11 bytes written.
Request / 10 bytes written.
Request / 11 bytes written.
Request / 11 bytes written.
rs:1570283437072
rf:1570283437072
Request / 11 bytes written.
Request / 10 bytes written.
Request / 11 bytes written.
Request / 10 bytes written.
Request / 11 bytes written.
Request / 11 bytes written.
Request / 11 bytes written.
Request / 11 bytes written.
Request / 11 bytes written.
Request / 10 bytes written.
Request / 11 bytes written.
Request / 11 bytes written.
Request / 11 bytes written.
Request / 11 bytes written.
Request / 11 bytes written.
Request / 11 bytes written.
Request / 11 bytes written.
Request / 11 bytes written.
Request / 11 bytes written.
Request / 10 bytes written.
Request / 11 bytes written.
Request / 10 bytes written.
Request / 11 bytes written.
Request / 11 bytes written.
Request / 11 bytes written.
Request / 11 bytes written.
Request / 11 bytes written.
Request / 11 bytes written.
Request / 11 bytes written.
Request / 11 bytes written.
Request / 11 bytes written.
Request / 11 bytes written.
Request / 11 bytes written.
Request / 11 bytes written.
Request / 10 bytes written.
Request / 11 bytes written.
Request / 11 bytes written.
Request / 11 bytes written.
Request / 9 bytes written.
Request / 11 bytes written.
Request / 10 bytes written.
Request / 11 bytes written.
Request / 11 bytes written.
Request / 9 bytes written.
Request / 11 bytes written.
Request / 11 bytes written.
Request / 11 bytes written.
Request / 10 bytes written.
Request / 11 bytes written.
Request / 10 bytes written.
Request / 11 bytes written.
Request / 11 bytes written.
Request / 11 bytes written.
Request / 11 bytes written.
Request / 11 bytes written.
Request / 11 bytes written.
Request / 11 bytes written.
Request / 10 bytes written.
Request / 11 bytes written.
Request / 11 bytes written.
Request / 11 bytes written.
Request / 11 bytes written.
Request / 10 bytes written.
Request / 11 bytes written.
Request / 11 bytes written.
Request / 11 bytes written.
Request / 11 bytes written.
Request / 10 bytes written.
Request / 11 bytes written.
Request / 11 bytes written.
Request / 11 bytes written.
Request / 11 bytes written.
Request / 9 bytes written.
Request / 9 bytes written.
Request / 11 bytes written.
Request / 10 bytes written.
Request / 11 bytes written.
Request / 10 bytes written.
Request / 9 bytes written.
Request / 10 bytes written.
Request / 11 bytes written.
Request / 11 bytes written.
Request / 11 bytes written.
Request / 11 bytes written.
Request / 11 bytes written.
Request / 11 bytes written.
Request / 11 bytes written.
Request / 11 bytes written.
Request / 11 bytes written.
Request / 10 bytes written.
Request / 10 bytes written.
Request / 11 bytes written.
Request / 11 bytes written.
Request / 11 bytes written.
Request / 11 bytes written.
Request / 10 bytes written.
Request / 11 bytes written.
Request / 11 bytes written.
Request / 11 bytes written.
Request / 11 bytes written.
Request / 11 bytes written.
Request / 11 bytes written.
Request / 11 bytes written.
Request / 11 bytes written.
Request / 11 bytes written.
Request / 11 bytes written.
Request / 11 bytes written.
Request / 11 bytes written.
Request / 11 bytes written.
Request / 11 bytes written.
Request / 11 bytes written.
Request / 11 bytes written.
Request / 11 bytes written.
Request / 10 bytes written.
Request / 11 bytes written.
Request / 10 bytes written.
Request / 11 bytes written.
Request / 11 bytes written.
Request / 11 bytes written.
Request / 11 bytes written.
Request / 10 bytes written.
Request / 11 bytes written.
Request / 10 bytes written.
Request / 11 bytes written.
Request / 10 bytes written.
Request / 11 bytes written.
Request / 10 bytes written.
Request / 11 bytes written.
rs:1570283447448
rf:1570283447448
rs:1570283447449
gc:1570283447449
rf:1570283447482
Request / 11 bytes written.
Request / 11 bytes written.
Request / 11 bytes written.
Request / 11 bytes written.
Request / 11 bytes written.
Request / 11 bytes written.
Request / 11 bytes written.
Request / 10 bytes written.
Request / 11 bytes written.
Request / 11 bytes written.
Request / 11 bytes written.
Request / 11 bytes written.
Request / 11 bytes written.
Request / 11 bytes written.
Request / 11 bytes written.
Request / 11 bytes written.
Request / 10 bytes written.
Request / 11 bytes written.
Request / 11 bytes written.
Request / 11 bytes written.
Request / 11 bytes written.
Request / 11 bytes written.
Request / 10 bytes written.
Request / 11 bytes written.
Request / 11 bytes written.
Request / 11 bytes written.
Request / 11 bytes written.
Request / 11 bytes written.
Request / 10 bytes written.
Request / 11 bytes written.
Request / 11 bytes written.
Request / 10 bytes written.
Request / 10 bytes written.
Request / 11 bytes written.
Request / 11 bytes written.
Request / 11 bytes written.
Request / 11 bytes written.
Request / 9 bytes written.
Request / 11 bytes written.
Request / 10 bytes written.
Request / 11 bytes written.
Request / 11 bytes written.
Request / 11 bytes written.
Request / 11 bytes written.
Request / 11 bytes written.
Request / 11 bytes written.
Request / 11 bytes written.
Request / 11 bytes written.
Request / 11 bytes written.
Request / 10 bytes written.
Request / 11 bytes written.
Request / 11 bytes written.
Request / 11 bytes written.
Request / 11 bytes written.
Request / 11 bytes written.
Request / 11 bytes written.
Request / 11 bytes written.
Request / 11 bytes written.
Request / 11 bytes written.
Request / 11 bytes written.
Request / 11 bytes written.
Request / 11 bytes written.
Request / 11 bytes written.
Request / 11 bytes written.
Request / 11 bytes written.
Request / 11 bytes written.
Request / 11 bytes written.
Request / 11 bytes written.
Request / 11 bytes written.
Request / 11 bytes written.
Request / 11 bytes written.
Request / 11 bytes written.
Request / 10 bytes written.
Request / 11 bytes written.
Request / 11 bytes written.
Request / 11 bytes written.
Request / 11 bytes written.
Request / 11 bytes written.
Request / 11 bytes written.
Request / 11 bytes written.
Request / 11 bytes written.
Request / 10 bytes written.
Request / 11 bytes written.
Request / 11 bytes written.
Request / 11 bytes written.
Request / 11 bytes written.
Request / 11 bytes written.
Request / 11 bytes written.
Request / 11 bytes written.
Request / 11 bytes written.
Request / 11 bytes written.
Request / 11 bytes written.
Request / 11 bytes written.
Request / 11 bytes written.
Request / 11 bytes written.
Request / 11 bytes written.
Request / 11 bytes written.
Request / 10 bytes written.
Request / 10 bytes written.
Request / 9 bytes written.
Request / 9 bytes written.
Request / 10 bytes written.
Request / 10 bytes written.
Request / 10 bytes written.
Request / 10 bytes written.
Request / 11 bytes written.
Request / 11 bytes written.
Request / 11 bytes written.
Request / 11 bytes written.
Request / 11 bytes written.
Request / 11 bytes written.
Request / 11 bytes written.
Request / 10 bytes written.
Request / 11 bytes written.
Request / 11 bytes written.
Request / 11 bytes written.
Request / 11 bytes written.
Request / 11 bytes written.
Request / 11 bytes written.
Request / 10 bytes written.
Request / 11 bytes written.
Request / 11 bytes written.
Request / 10 bytes written.
Request / 10 bytes written.
Request / 11 bytes written.
Request / 11 bytes written.
Request / 10 bytes written.
Request / 11 bytes written.
Request / 11 bytes written.
Request / 11 bytes written.
Request / 11 bytes written.
Request / 11 bytes written.
Request / 10 bytes written.
Request / 11 bytes written.
Request / 11 bytes written.
Request / 11 bytes written.
Request / 11 bytes written.
Request / 11 bytes written.
Request / 11 bytes written.
Request / 11 bytes written.
Request / 10 bytes written.
Request / 11 bytes written.
Request / 11 bytes written.
Request / 11 bytes written.
Request / 11 bytes written.
Request / 11 bytes written.
Request / 10 bytes written.
Request / 11 bytes written.
Request / 11 bytes written.
Request / 10 bytes written.
Request / 10 bytes written.
Request / 10 bytes written.
Request / 10 bytes written.
Request / 11 bytes written.
Request / 11 bytes written.
Request / 9 bytes written.
Request / 10 bytes written.
Request / 11 bytes written.
Request / 11 bytes written.
Request / 11 bytes written.
Request / 9 bytes written.
Request / 11 bytes written.
Request / 11 bytes written.
Request / 11 bytes written.
Request / 11 bytes written.
Request / 10 bytes written.
Request / 11 bytes written.
Request / 11 bytes written.
Request / 10 bytes written.
Request / 11 bytes written.
Request / 10 bytes written.
Request / 10 bytes written.
Request / 11 bytes written.
Request / 11 bytes written.
Request / 11 bytes written.
Request / 11 bytes written.
Request / 11 bytes written.
Request / 11 bytes written.
Request / 11 bytes written.
Request / 11 bytes written.
Request / 11 bytes written.
Request / 11 bytes written.
Request / 11 bytes written.
Request / 11 bytes written.
Request / 11 bytes written.
Request / 11 bytes written.
Request / 11 bytes written.
Request / 11 bytes written.
Request / 10 bytes written.
Request / 10 bytes written.
Request / 10 bytes written.
Request / 11 bytes written.
Request / 11 bytes written.
Request / 11 bytes written.
Request / 10 bytes written.
Request / 10 bytes written.
Request / 9 bytes written.
Request / 11 bytes written.
Request / 11 bytes written.
Request / 11 bytes written.
Request / 10 bytes written.
Request / 11 bytes written.
Request / 11 bytes written.
Request / 11 bytes written.
Request / 11 bytes written.
Request / 11 bytes written.
Request / 11 bytes written.
Request / 11 bytes written.
Request / 10 bytes written.
Request / 11 bytes written.
Request / 11 bytes written.
Request / 11 bytes written.
Request / 11 bytes written.
Request / 10 bytes written.
Request / 11 bytes written.
Request / 11 bytes written.
Request / 10 bytes written.
Request / 10 bytes written.
Request / 11 bytes written.
Request / 11 bytes written.
Request / 10 bytes written.
Request / 11 bytes written.
Request / 11 bytes written.
Request / 11 bytes written.
Request / 11 bytes written.
Request / 11 bytes written.
Request / 11 bytes written.
Request / 10 bytes written.
Request / 11 bytes written.
Request / 11 bytes written.
Request / 8 bytes written.
Request / 11 bytes written.
Request / 11 bytes written.
Request / 11 bytes written.
Request / 10 bytes written.
Request / 11 bytes written.
Request / 11 bytes written.
Request / 11 bytes written.
Request / 11 bytes written.
Request / 10 bytes written.
Request / 11 bytes written.
Request / 11 bytes written.
Request / 11 bytes written.
Request / 9 bytes written.
Request / 11 bytes written.
Request / 11 bytes written.
Request / 11 bytes written.
Request / 11 bytes written.
Request / 10 bytes written.
Request / 11 bytes written.
Request / 11 bytes written.
Request / 11 bytes written.
Request / 11 bytes written.
Request / 11 bytes written.
Request / 11 bytes written.
Request / 11 bytes written.
rs:1570283468252
rf:1570283468253
rs:1570283468253
gc:1570283468253
rf:1570283468280
Request / 11 bytes written.
Request / 11 bytes written.
Request / 11 bytes written.
Request / 10 bytes written.
Request / 11 bytes written.
Request / 11 bytes written.
Request / 10 bytes written.
Request / 10 bytes written.
Request / 11 bytes written.
Request / 11 bytes written.
Request / 11 bytes written.
Request / 11 bytes written.
Request / 11 bytes written.
Request / 10 bytes written.
Request / 11 bytes written.
Request / 11 bytes written.
Request / 11 bytes written.
Request / 10 bytes written.
Request / 10 bytes written.
Request / 11 bytes written.
Request / 11 bytes written.
Request / 11 bytes written.
Request / 11 bytes written.
Request / 11 bytes written.
Request / 11 bytes written.
Request / 11 bytes written.
Request / 11 bytes written.
Request / 10 bytes written.
Request / 11 bytes written.
Request / 11 bytes written.
Request / 11 bytes written.
Request / 11 bytes written.
Request / 11 bytes written.
Request / 11 bytes written.
Request / 11 bytes written.
Request / 11 bytes written.
Request / 11 bytes written.
Request / 11 bytes written.
Request / 11 bytes written.
Request / 11 bytes written.
Request / 11 bytes written.
Request / 10 bytes written.
Request / 11 bytes written.
Request / 11 bytes written.
Request / 11 bytes written.
Request / 11 bytes written.
Request / 11 bytes written.
Request / 11 bytes written.
Request / 10 bytes written.
Request / 10 bytes written.
Request / 11 bytes written.
Request / 11 bytes written.
Request / 10 bytes written.
Request / 11 bytes written.
Request / 11 bytes written.
Request / 11 bytes written.
Request / 11 bytes written.
Request / 10 bytes written.
Request / 11 bytes written.
Request / 11 bytes written.
Request / 11 bytes written.
Request / 10 bytes written.
Request / 11 bytes written.
Request / 11 bytes written.
Request / 11 bytes written.
Request / 11 bytes written.
Request / 11 bytes written.
Request / 11 bytes written.
Request / 11 bytes written.
Request / 11 bytes written.
Request / 11 bytes written.
Request / 11 bytes written.
Request / 11 bytes written.
Request / 11 bytes written.
Request / 11 bytes written.
Request / 11 bytes written.
Request / 11 bytes written.
Request / 11 bytes written.
Request / 11 bytes written.
Request / 10 bytes written.
Request / 11 bytes written.
Request / 11 bytes written.
Request / 10 bytes written.
Request / 11 bytes written.
Request / 11 bytes written.
Request / 11 bytes written.
Request / 11 bytes written.
Request / 11 bytes written.
Request / 10 bytes written.
Request / 11 bytes written.
Request / 9 bytes written.
Request / 11 bytes written.
Request / 11 bytes written.
Request / 11 bytes written.
Request / 11 bytes written.
Request / 11 bytes written.
Request / 11 bytes written.
Request / 9 bytes written.
Request / 11 bytes written.
Request / 11 bytes written.
Request / 11 bytes written.
Request / 11 bytes written.
Request / 11 bytes written.
Request / 11 bytes written.
Request / 11 bytes written.
Request / 11 bytes written.
Request / 11 bytes written.
Request / 11 bytes written.
Request / 11 bytes written.
Request / 11 bytes written.
Request / 10 bytes written.
Request / 11 bytes written.
Request / 11 bytes written.
Request / 11 bytes written.
Request / 11 bytes written.
Request / 11 bytes written.
Request / 11 bytes written.
Request / 11 bytes written.
Request / 11 bytes written.
Request / 11 bytes written.
Request / 11 bytes written.
Request / 11 bytes written.
Request / 11 bytes written.
Request / 11 bytes written.
Request / 11 bytes written.
Request / 11 bytes written.
Request / 10 bytes written.
Request / 11 bytes written.
Request / 10 bytes written.
Request / 11 bytes written.
Request / 11 bytes written.
Request / 11 bytes written.
Request / 11 bytes written.
Request / 10 bytes written.
Request / 11 bytes written.
Request / 11 bytes written.
Request / 11 bytes written.
Request / 11 bytes written.
Request / 11 bytes written.
Request / 11 bytes written.
Request / 11 bytes written.
Request / 11 bytes written.
Request / 11 bytes written.
Request / 10 bytes written.
Request / 11 bytes written.
Request / 11 bytes written.
Request / 11 bytes written.
Request / 10 bytes written.
Request / 11 bytes written.
Request / 11 bytes written.
Request / 11 bytes written.
Request / 10 bytes written.
Request / 11 bytes written.
Request / 11 bytes written.
Request / 11 bytes written.
Request / 11 bytes written.
Request / 10 bytes written.
Request / 11 bytes written.
Request / 11 bytes written.
Request / 11 bytes written.
Request / 11 bytes written.
Request / 11 bytes written.
Request / 10 bytes written.
Request / 11 bytes written.
Request / 11 bytes written.
Request / 11 bytes written.
Request / 10 bytes written.
Request / 11 bytes written.
Request / 11 bytes written.
Request / 11 bytes written.
Request / 11 bytes written.
Request / 11 bytes written.
Request / 11 bytes written.
Request / 10 bytes written.
Request / 11 bytes written.
Request / 11 bytes written.
Request / 11 bytes written.
Request / 10 bytes written.
Request / 11 bytes written.
Request / 11 bytes written.
Request / 11 bytes written.
Request / 11 bytes written.
Request / 11 bytes written.
Request / 11 bytes written.
Request / 10 bytes written.
Request / 11 bytes written.
Request / 11 bytes written.
Request / 11 bytes written.
Request / 11 bytes written.
Request / 11 bytes written.
Request / 11 bytes written.
Request / 10 bytes written.
Request / 10 bytes written.
Request / 10 bytes written.
Request / 11 bytes written.
Request / 11 bytes written.
Request / 11 bytes written.
Request / 10 bytes written.
Request / 10 bytes written.
Request / 11 bytes written.
Request / 11 bytes written.
Request / 11 bytes written.
Request / 10 bytes written.
Request / 11 bytes written.
Request / 11 bytes written.
Request / 11 bytes written.
Request / 11 bytes written.
Request / 11 bytes written.
Request / 10 bytes written.
Request / 10 bytes written.
Request / 11 bytes written.
Request / 11 bytes written.
Request / 11 bytes written.
Request / 10 bytes written.
Request / 11 bytes written.
Request / 11 bytes written.
Request / 11 bytes written.
Request / 11 bytes written.
Request / 11 bytes written.
Request / 11 bytes written.
Request / 11 bytes written.
Request / 11 bytes written.
Request / 11 bytes written.
Request / 11 bytes written.
Request / 11 bytes written.
Request / 11 bytes written.
Request / 11 bytes written.
Request / 11 bytes written.
Request / 11 bytes written.
Request / 10 bytes written.
Request / 11 bytes written.
Request / 11 bytes written.
Request / 11 bytes written.
Request / 11 bytes written.
Request / 11 bytes written.
Request / 11 bytes written.
Request / 11 bytes written.
Request / 11 bytes written.
Request / 11 bytes written.
Request / 11 bytes written.
Request / 11 bytes written.
Request / 10 bytes written.
Request / 11 bytes written.
Request / 10 bytes written.
Request / 9 bytes written.
Request / 11 bytes written.
Request / 11 bytes written.
Request / 11 bytes written.
Request / 11 bytes written.
Request / 11 bytes written.
Request / 10 bytes written.
Request / 11 bytes written.
Request / 11 bytes written.
Request / 10 bytes written.
Request / 11 bytes written.
Request / 11 bytes written.
rs:1570283488840
rf:1570283488840
rs:1570283488841
gc:1570283488841
rf:1570283488867
Request / 11 bytes written.
Request / 11 bytes written.
Request / 11 bytes written.
Request / 11 bytes written.
Request / 11 bytes written.
Request / 11 bytes written.
Request / 10 bytes written.
Request / 11 bytes written.
Request / 11 bytes written.
Request / 11 bytes written.
Request / 11 bytes written.
Request / 11 bytes written.
Request / 11 bytes written.
Request / 11 bytes written.
Request / 11 bytes written.
Request / 10 bytes written.
Request / 11 bytes written.
Request / 11 bytes written.
Request / 11 bytes written.
Request / 11 bytes written.
Request / 10 bytes written.
Request / 11 bytes written.
Request / 11 bytes written.
Request / 11 bytes written.
Request / 10 bytes written.
Request / 11 bytes written.
Request / 11 bytes written.
Request / 11 bytes written.
Request / 11 bytes written.
Request / 10 bytes written.
Request / 10 bytes written.
Request / 10 bytes written.
Request / 11 bytes written.
Request / 11 bytes written.
Request / 11 bytes written.
Request / 11 bytes written.
Request / 10 bytes written.
Request / 11 bytes written.
Request / 11 bytes written.
Request / 11 bytes written.
Request / 11 bytes written.
Request / 11 bytes written.
Request / 11 bytes written.
Request / 11 bytes written.
Request / 11 bytes written.
Request / 11 bytes written.
Request / 11 bytes written.
Request / 11 bytes written.
Request / 11 bytes written.
Request / 11 bytes written.
Request / 11 bytes written.
Request / 11 bytes written.
Request / 11 bytes written.
Request / 11 bytes written.
Request / 11 bytes written.
Request / 11 bytes written.
Request / 9 bytes written.
Request / 11 bytes written.
Request / 11 bytes written.
Request / 10 bytes written.
Request / 11 bytes written.
Request / 11 bytes written.
Request / 11 bytes written.
Request / 11 bytes written.
Request / 11 bytes written.
Request / 11 bytes written.
Request / 11 bytes written.
Request / 11 bytes written.
Request / 11 bytes written.
Request / 10 bytes written.
Request / 11 bytes written.
Request / 10 bytes written.
Request / 11 bytes written.
Request / 10 bytes written.
Request / 10 bytes written.
Request / 11 bytes written.
Request / 11 bytes written.
Request / 11 bytes written.
Request / 11 bytes written.
Request / 11 bytes written.
Request / 11 bytes written.
Request / 11 bytes written.
Request / 11 bytes written.
Request / 11 bytes written.
Request / 11 bytes written.
Request / 11 bytes written.
Request / 11 bytes written.
Request / 11 bytes written.
Request / 11 bytes written.
Request / 11 bytes written.
Request / 11 bytes written.
Request / 10 bytes written.
Request / 11 bytes written.
Request / 11 bytes written.
Request / 11 bytes written.
Request / 11 bytes written.
Request / 11 bytes written.
Request / 11 bytes written.
Request / 9 bytes written.
Request / 9 bytes written.
Request / 11 bytes written.
Request / 11 bytes written.
Request / 11 bytes written.
Request / 11 bytes written.
Request / 11 bytes written.
Request / 11 bytes written.
Request / 10 bytes written.
Request / 11 bytes written.
Request / 11 bytes written.
Request / 10 bytes written.
Request / 11 bytes written.
Request / 10 bytes written.
Request / 11 bytes written.
Request / 11 bytes written.
Request / 10 bytes written.
Request / 11 bytes written.
Request / 11 bytes written.
Request / 11 bytes written.
Request / 11 bytes written.
Request / 10 bytes written.
Request / 11 bytes written.
Request / 10 bytes written.
Request / 11 bytes written.
Request / 11 bytes written.
Request / 11 bytes written.
Request / 11 bytes written.
Request / 10 bytes written.
Request / 11 bytes written.
Request / 11 bytes written.
Request / 11 bytes written.
Request / 10 bytes written.
Request / 10 bytes written.
Request / 11 bytes written.
Request / 11 bytes written.
Request / 9 bytes written.
Request / 11 bytes written.
Request / 11 bytes written.
Request / 11 bytes written.
Request / 11 bytes written.
Request / 11 bytes written.
Request / 10 bytes written.
Request / 11 bytes written.
Request / 11 bytes written.
Request / 11 bytes written.
Request / 11 bytes written.
Request / 11 bytes written.
Request / 11 bytes written.
Request / 10 bytes written.
Request / 10 bytes written.
Request / 11 bytes written.
Request / 11 bytes written.
Request / 11 bytes written.
Request / 11 bytes written.
Request / 11 bytes written.
Request / 10 bytes written.
Request / 11 bytes written.
Request / 11 bytes written.
Request / 11 bytes written.
Request / 11 bytes written.
Request / 11 bytes written.
Request / 11 bytes written.
Request / 11 bytes written.
Request / 11 bytes written.
Request / 11 bytes written.
Request / 11 bytes written.
Request / 11 bytes written.
Request / 11 bytes written.
Request / 11 bytes written.
Request / 11 bytes written.
Request / 11 bytes written.
Request / 11 bytes written.
Request / 9 bytes written.
Request / 11 bytes written.
Request / 10 bytes written.
Request / 11 bytes written.
Request / 11 bytes written.
Request / 11 bytes written.
Request / 10 bytes written.
Request / 11 bytes written.
Request / 10 bytes written.
Request / 11 bytes written.
Request / 11 bytes written.
Request / 11 bytes written.
Request / 11 bytes written.
Request / 10 bytes written.
Request / 11 bytes written.
Request / 11 bytes written.
Request / 10 bytes written.
Request / 11 bytes written.
Request / 10 bytes written.
Request / 11 bytes written.
Request / 11 bytes written.
Request / 10 bytes written.
Request / 11 bytes written.
Request / 11 bytes written.
Request / 10 bytes written.
Request / 11 bytes written.
Request / 11 bytes written.
Request / 11 bytes written.
Request / 10 bytes written.
Request / 10 bytes written.
Request / 11 bytes written.
Request / 11 bytes written.
Request / 11 bytes written.
Request / 11 bytes written.
Request / 10 bytes written.
Request / 11 bytes written.
Request / 11 bytes written.
Request / 11 bytes written.
Request / 11 bytes written.
Request / 11 bytes written.
Request / 11 bytes written.
Request / 11 bytes written.
Request / 10 bytes written.
Request / 11 bytes written.
Request / 11 bytes written.
Request / 11 bytes written.
Request / 10 bytes written.
Request / 10 bytes written.
Request / 11 bytes written.
Request / 11 bytes written.
Request / 11 bytes written.
Request / 11 bytes written.
Request / 11 bytes written.
Request / 11 bytes written.
Request / 11 bytes written.
Request / 11 bytes written.
Request / 10 bytes written.
Request / 11 bytes written.
Request / 11 bytes written.
Request / 10 bytes written.
Request / 11 bytes written.
Request / 11 bytes written.
Request / 11 bytes written.
Request / 11 bytes written.
Request / 11 bytes written.
Request / 11 bytes written.
Request / 11 bytes written.
Request / 11 bytes written.
Request / 11 bytes written.
Request / 11 bytes written.
Request / 11 bytes written.
Request / 11 bytes written.
Request / 10 bytes written.
Request / 11 bytes written.
Request / 11 bytes written.
Request / 11 bytes written.
Request / 11 bytes written.
Request / 11 bytes written.
Request / 11 bytes written.
Request / 11 bytes written.
Request / 10 bytes written.
Request / 10 bytes written.
Request / 11 bytes written.
Request / 11 bytes written.
Request / 10 bytes written.
rs:1570283509412
rf:1570283509412
rs:1570283509413
gc:1570283509413
rf:1570283509436
Request / 11 bytes written.
Request / 10 bytes written.
Request / 11 bytes written.
Request / 11 bytes written.
Request / 11 bytes written.
Request / 11 bytes written.
Request / 11 bytes written.
Request / 11 bytes written.
Request / 11 bytes written.
Request / 11 bytes written.
Request / 10 bytes written.
Request / 11 bytes written.
Request / 11 bytes written.
Request / 11 bytes written.
Request / 11 bytes written.
Request / 11 bytes written.
Request / 11 bytes written.
Request / 11 bytes written.
Request / 11 bytes written.
Request / 11 bytes written.
Request / 11 bytes written.
Request / 11 bytes written.
Request / 11 bytes written.
Request / 11 bytes written.
Request / 11 bytes written.
Request / 11 bytes written.
Request / 11 bytes written.
Request / 11 bytes written.
Request / 11 bytes written.
Request / 11 bytes written.
Request / 11 bytes written.
Request / 11 bytes written.
Request / 11 bytes written.
Request / 11 bytes written.
Request / 11 bytes written.
Request / 11 bytes written.
Request / 11 bytes written.
Request / 11 bytes written.
Request / 11 bytes written.
Request / 11 bytes written.
Request / 10 bytes written.
Request / 11 bytes written.
Request / 11 bytes written.
Request / 11 bytes written.
Request / 11 bytes written.
Request / 11 bytes written.
Request / 10 bytes written.
Request / 11 bytes written.
Request / 11 bytes written.
Request / 11 bytes written.
Request / 11 bytes written.
Request / 11 bytes written.
Request / 11 bytes written.
Request / 11 bytes written.
Request / 10 bytes written.
Request / 11 bytes written.
Request / 10 bytes written.
Request / 10 bytes written.
Request / 11 bytes written.
Request / 10 bytes written.
Request / 11 bytes written.
Request / 10 bytes written.
Request / 11 bytes written.
Request / 10 bytes written.
Request / 11 bytes written.
Request / 11 bytes written.
Request / 11 bytes written.
Request / 11 bytes written.
Request / 10 bytes written.
Request / 11 bytes written.
Request / 9 bytes written.
Request / 9 bytes written.
Request / 11 bytes written.
Request / 11 bytes written.
Request / 11 bytes written.
Request / 11 bytes written.
Request / 11 bytes written.
Request / 11 bytes written.
Request / 11 bytes written.
Request / 11 bytes written.
Request / 11 bytes written.
Request / 11 bytes written.
Request / 11 bytes written.
Request / 11 bytes written.
Request / 11 bytes written.
Request / 11 bytes written.
Request / 11 bytes written.
Request / 11 bytes written.
Request / 11 bytes written.
Request / 11 bytes written.
Request / 11 bytes written.
Request / 11 bytes written.
Request / 11 bytes written.
Request / 11 bytes written.
Request / 11 bytes written.
Request / 11 bytes written.
Request / 11 bytes written.
Request / 10 bytes written.
Request / 11 bytes written.
Request / 11 bytes written.
Request / 11 bytes written.
Request / 11 bytes written.
Request / 11 bytes written.
Request / 11 bytes written.
Request / 11 bytes written.
Request / 11 bytes written.
Request / 11 bytes written.
Request / 11 bytes written.
Request / 11 bytes written.
Request / 11 bytes written.
Request / 11 bytes written.
Request / 11 bytes written.
Request / 11 bytes written.
Request / 10 bytes written.
Request / 11 bytes written.
Request / 10 bytes written.
Request / 10 bytes written.
Request / 11 bytes written.
Request / 11 bytes written.
Request / 11 bytes written.
Request / 11 bytes written.
Request / 11 bytes written.
Request / 10 bytes written.
Request / 11 bytes written.
Request / 11 bytes written.
Request / 11 bytes written.
Request / 11 bytes written.
Request / 10 bytes written.
Request / 11 bytes written.
Request / 11 bytes written.
Request / 11 bytes written.
Request / 11 bytes written.
Request / 10 bytes written.
Request / 11 bytes written.
Request / 11 bytes written.
Request / 11 bytes written.
Request / 11 bytes written.
Request / 11 bytes written.
Request / 11 bytes written.
Request / 11 bytes written.
Request / 11 bytes written.
Request / 11 bytes written.
Request / 11 bytes written.
Request / 11 bytes written.
Request / 11 bytes written.
Request / 11 bytes written.
Request / 11 bytes written.
Request / 11 bytes written.
Request / 10 bytes written.
Request / 11 bytes written.
Request / 11 bytes written.
Request / 11 bytes written.
Request / 11 bytes written.
Request / 11 bytes written.
Request / 11 bytes written.
Request / 11 bytes written.
Request / 11 bytes written.
Request / 11 bytes written.
Request / 11 bytes written.
Request / 10 bytes written.
Request / 10 bytes written.
Request / 11 bytes written.
Request / 11 bytes written.
Request / 11 bytes written.
Request / 11 bytes written.
Request / 11 bytes written.
Request / 11 bytes written.
Request / 11 bytes written.
Request / 11 bytes written.
Request / 11 bytes written.
Request / 11 bytes written.
Request / 11 bytes written.
Request / 11 bytes written.
Request / 10 bytes written.
Request / 11 bytes written.
Request / 11 bytes written.
Request / 11 bytes written.
Request / 11 bytes written.
Request / 11 bytes written.
Request / 11 bytes written.
Request / 10 bytes written.
Request / 11 bytes written.
Request / 11 bytes written.
Request / 11 bytes written.
Request / 10 bytes written.
Request / 10 bytes written.
Request / 10 bytes written.
Request / 11 bytes written.
Request / 11 bytes written.
Request / 11 bytes written.
Request / 11 bytes written.
Request / 11 bytes written.
Request / 11 bytes written.
Request / 11 bytes written.
Request / 11 bytes written.
Request / 11 bytes written.
Request / 11 bytes written.
Request / 11 bytes written.
Request / 11 bytes written.
Request / 10 bytes written.
Request / 11 bytes written.
Request / 11 bytes written.
Request / 10 bytes written.
Request / 11 bytes written.
Request / 11 bytes written.
Request / 11 bytes written.
Request / 11 bytes written.
Request / 11 bytes written.
Request / 11 bytes written.
Request / 9 bytes written.
Request / 11 bytes written.
Request / 11 bytes written.
Request / 11 bytes written.
Request / 11 bytes written.
Request / 11 bytes written.
Request / 11 bytes written.
Request / 10 bytes written.
Request / 11 bytes written.
Request / 11 bytes written.
Request / 10 bytes written.
Request / 11 bytes written.
Request / 11 bytes written.
Request / 11 bytes written.
Request / 11 bytes written.
Request / 11 bytes written.
Request / 11 bytes written.
Request / 10 bytes written.
Request / 11 bytes written.
Request / 10 bytes written.
Request / 11 bytes written.
Request / 11 bytes written.
Request / 10 bytes written.
Request / 11 bytes written.
Request / 11 bytes written.
Request / 11 bytes written.
Request / 11 bytes written.
Request / 11 bytes written.
Request / 11 bytes written.
Request / 11 bytes written.
Request / 11 bytes written.
Request / 11 bytes written.
Request / 11 bytes written.
Request / 11 bytes written.
Request / 11 bytes written.
Request / 11 bytes written.
Request / 11 bytes written.
Request / 11 bytes written.
Request / 11 bytes written.
Request / 11 bytes written.
Request / 10 bytes written.
Request / 11 bytes written.
Request / 11 bytes written.
Request / 10 bytes written.
Request / 11 bytes written.
Request / 11 bytes written.
Request / 11 bytes written.
rs:1570283530192
rf:1570283530192
rs:1570283530193
gc:1570283530193
rf:1570283530212
Request / 11 bytes written.
Request / 10 bytes written.
Request / 11 bytes written.
Request / 11 bytes written.
Request / 11 bytes written.
Request / 11 bytes written.
Request / 11 bytes written.
Request / 11 bytes written.
Request / 11 bytes written.
Request / 11 bytes written.
Request / 11 bytes written.
Request / 11 bytes written.
Request / 9 bytes written.
Request / 11 bytes written.
Request / 10 bytes written.
Request / 11 bytes written.
Request / 11 bytes written.
Request / 11 bytes written.
Request / 11 bytes written.
Request / 11 bytes written.
Request / 11 bytes written.
Request / 11 bytes written.
Request / 11 bytes written.
Request / 11 bytes written.
Request / 11 bytes written.
Request / 11 bytes written.
Request / 11 bytes written.
Request / 11 bytes written.
Request / 11 bytes written.
Request / 11 bytes written.
Request / 11 bytes written.
Request / 11 bytes written.
Request / 11 bytes written.
Request / 11 bytes written.
Request / 10 bytes written.
Request / 11 bytes written.
Request / 11 bytes written.
Request / 11 bytes written.
Request / 11 bytes written.
Request / 11 bytes written.
Request / 11 bytes written.
Request / 11 bytes written.
Request / 11 bytes written.
Request / 10 bytes written.
Request / 11 bytes written.
Request / 11 bytes written.
Request / 11 bytes written.
Request / 11 bytes written.
Request / 11 bytes written.
Request / 11 bytes written.
Request / 11 bytes written.
Request / 11 bytes written.
Request / 11 bytes written.
Request / 11 bytes written.
Request / 11 bytes written.
Request / 11 bytes written.
Request / 11 bytes written.
Request / 10 bytes written.
Request / 11 bytes written.
Request / 11 bytes written.
Request / 11 bytes written.
Request / 11 bytes written.
Request / 11 bytes written.
Request / 11 bytes written.
Request / 11 bytes written.
Request / 11 bytes written.
Request / 9 bytes written.
Request / 11 bytes written.
Request / 10 bytes written.
Request / 11 bytes written.
Request / 11 bytes written.
Request / 9 bytes written.
Request / 11 bytes written.
Request / 11 bytes written.
Request / 10 bytes written.
Request / 11 bytes written.
Request / 11 bytes written.
Request / 11 bytes written.
Request / 11 bytes written.
Request / 11 bytes written.
Request / 11 bytes written.
Request / 11 bytes written.
Request / 9 bytes written.
Request / 11 bytes written.
Request / 11 bytes written.
Request / 10 bytes written.
Request / 11 bytes written.
Request / 11 bytes written.
Request / 11 bytes written.
Request / 11 bytes written.
Request / 11 bytes written.
Request / 11 bytes written.
Request / 11 bytes written.
Request / 11 bytes written.
Request / 11 bytes written.
Request / 8 bytes written.
Request / 11 bytes written.
Request / 11 bytes written.
Request / 11 bytes written.
Request / 11 bytes written.
Request / 11 bytes written.
Request / 11 bytes written.
Request / 10 bytes written.
Request / 11 bytes written.
Request / 11 bytes written.
Request / 11 bytes written.
Request / 11 bytes written.
Request / 11 bytes written.
Request / 11 bytes written.
Request / 11 bytes written.
Request / 10 bytes written.
Request / 11 bytes written.
Request / 11 bytes written.
Request / 11 bytes written.
Request / 10 bytes written.
Request / 10 bytes written.
Request / 11 bytes written.
Request / 11 bytes written.
Request / 10 bytes written.
Request / 11 bytes written.
Request / 11 bytes written.
Request / 11 bytes written.
Request / 11 bytes written.
Request / 11 bytes written.
Request / 11 bytes written.
Request / 11 bytes written.
Request / 11 bytes written.
Request / 11 bytes written.
Request / 11 bytes written.
Request / 11 bytes written.
Request / 11 bytes written.
Request / 10 bytes written.
Request / 11 bytes written.
Request / 11 bytes written.
Request / 10 bytes written.
Request / 11 bytes written.
Request / 11 bytes written.
Request / 11 bytes written.
Request / 11 bytes written.
Request / 11 bytes written.
Request / 10 bytes written.
Request / 11 bytes written.
Request / 11 bytes written.
Request / 11 bytes written.
Request / 11 bytes written.
Request / 11 bytes written.
Request / 11 bytes written.
Request / 11 bytes written.
Request / 11 bytes written.
Request / 11 bytes written.
Request / 11 bytes written.
Request / 11 bytes written.
Request / 10 bytes written.
Request / 10 bytes written.
Request / 11 bytes written.
Request / 10 bytes written.
Request / 11 bytes written.
Request / 11 bytes written.
Request / 10 bytes written.
Request / 11 bytes written.
Request / 11 bytes written.
Request / 11 bytes written.
Request / 11 bytes written.
Request / 11 bytes written.
Request / 11 bytes written.
Request / 11 bytes written.
Request / 11 bytes written.
Request / 11 bytes written.
