Exception in thread "pool-1-thread-1" java.lang.UnsatisfiedLinkError: Can't load library: /home/ubuntu/gci-faas-sim/runtime/thumb-func/gci/libgc.so
	at java.base/java.lang.ClassLoader.loadLibrary(ClassLoader.java:2620)
	at java.base/java.lang.Runtime.load0(Runtime.java:767)
	at java.base/java.lang.System.load(System.java:1831)
	at com.gcinterceptor.core.GC.<clinit>(GC.java:8)
	at com.gcinterceptor.core.RuntimeEnvironment.collect(RuntimeEnvironment.java:28)
	at com.gcinterceptor.agent.Agent.handleRequest(Agent.java:36)
	at jdk.httpserver/com.sun.net.httpserver.Filter$Chain.doFilter(Filter.java:77)
	at jdk.httpserver/sun.net.httpserver.AuthFilter.doFilter(AuthFilter.java:82)
	at jdk.httpserver/com.sun.net.httpserver.Filter$Chain.doFilter(Filter.java:80)
	at jdk.httpserver/sun.net.httpserver.ServerImpl$Exchange$LinkHandler.handle(ServerImpl.java:692)
	at jdk.httpserver/com.sun.net.httpserver.Filter$Chain.doFilter(Filter.java:77)
	at jdk.httpserver/sun.net.httpserver.ServerImpl$Exchange.run(ServerImpl.java:664)
	at java.base/java.util.concurrent.ThreadPoolExecutor.runWorker(ThreadPoolExecutor.java:1128)
	at java.base/java.util.concurrent.ThreadPoolExecutor$Worker.run(ThreadPoolExecutor.java:628)
	at java.base/java.lang.Thread.run(Thread.java:834)
	Suppressed: java.io.IOException: response headers not sent yet
		at jdk.httpserver/sun.net.httpserver.PlaceholderOutputStream.checkWrap(ExchangeImpl.java:433)
		at jdk.httpserver/sun.net.httpserver.PlaceholderOutputStream.close(ExchangeImpl.java:458)
		at com.gcinterceptor.agent.Agent.handleRequest(Agent.java:42)
		... 9 more
Exception in thread "pool-1-thread-2" java.lang.NoClassDefFoundError: Could not initialize class com.gcinterceptor.core.GC
	at com.gcinterceptor.core.RuntimeEnvironment.collect(RuntimeEnvironment.java:28)
	at com.gcinterceptor.agent.Agent.handleRequest(Agent.java:36)
	at jdk.httpserver/com.sun.net.httpserver.Filter$Chain.doFilter(Filter.java:77)
	at jdk.httpserver/sun.net.httpserver.AuthFilter.doFilter(AuthFilter.java:82)
	at jdk.httpserver/com.sun.net.httpserver.Filter$Chain.doFilter(Filter.java:80)
	at jdk.httpserver/sun.net.httpserver.ServerImpl$Exchange$LinkHandler.handle(ServerImpl.java:692)
	at jdk.httpserver/com.sun.net.httpserver.Filter$Chain.doFilter(Filter.java:77)
	at jdk.httpserver/sun.net.httpserver.ServerImpl$Exchange.run(ServerImpl.java:664)
	at java.base/java.util.concurrent.ThreadPoolExecutor.runWorker(ThreadPoolExecutor.java:1128)
	at java.base/java.util.concurrent.ThreadPoolExecutor$Worker.run(ThreadPoolExecutor.java:628)
	at java.base/java.lang.Thread.run(Thread.java:834)
	Suppressed: java.io.IOException: response headers not sent yet
		at jdk.httpserver/sun.net.httpserver.PlaceholderOutputStream.checkWrap(ExchangeImpl.java:433)
		at jdk.httpserver/sun.net.httpserver.PlaceholderOutputStream.close(ExchangeImpl.java:458)
		at com.gcinterceptor.agent.Agent.handleRequest(Agent.java:42)
		... 9 more
Exception in thread "pool-1-thread-3" java.lang.NoClassDefFoundError: Could not initialize class com.gcinterceptor.core.GC
	at com.gcinterceptor.core.RuntimeEnvironment.collect(RuntimeEnvironment.java:28)
	at com.gcinterceptor.agent.Agent.handleRequest(Agent.java:36)
	at jdk.httpserver/com.sun.net.httpserver.Filter$Chain.doFilter(Filter.java:77)
	at jdk.httpserver/sun.net.httpserver.AuthFilter.doFilter(AuthFilter.java:82)
	at jdk.httpserver/com.sun.net.httpserver.Filter$Chain.doFilter(Filter.java:80)
	at jdk.httpserver/sun.net.httpserver.ServerImpl$Exchange$LinkHandler.handle(ServerImpl.java:692)
	at jdk.httpserver/com.sun.net.httpserver.Filter$Chain.doFilter(Filter.java:77)
	at jdk.httpserver/sun.net.httpserver.ServerImpl$Exchange.run(ServerImpl.java:664)
	at java.base/java.util.concurrent.ThreadPoolExecutor.runWorker(ThreadPoolExecutor.java:1128)
	at java.base/java.util.concurrent.ThreadPoolExecutor$Worker.run(ThreadPoolExecutor.java:628)
	at java.base/java.lang.Thread.run(Thread.java:834)
	Suppressed: java.io.IOException: response headers not sent yet
		at jdk.httpserver/sun.net.httpserver.PlaceholderOutputStream.checkWrap(ExchangeImpl.java:433)
		at jdk.httpserver/sun.net.httpserver.PlaceholderOutputStream.close(ExchangeImpl.java:458)
		at com.gcinterceptor.agent.Agent.handleRequest(Agent.java:42)
		... 9 more
Exception in thread "pool-1-thread-4" java.lang.NoClassDefFoundError: Could not initialize class com.gcinterceptor.core.GC
	at com.gcinterceptor.core.RuntimeEnvironment.collect(RuntimeEnvironment.java:28)
	at com.gcinterceptor.agent.Agent.handleRequest(Agent.java:36)
	at jdk.httpserver/com.sun.net.httpserver.Filter$Chain.doFilter(Filter.java:77)
	at jdk.httpserver/sun.net.httpserver.AuthFilter.doFilter(AuthFilter.java:82)
	at jdk.httpserver/com.sun.net.httpserver.Filter$Chain.doFilter(Filter.java:80)
	at jdk.httpserver/sun.net.httpserver.ServerImpl$Exchange$LinkHandler.handle(ServerImpl.java:692)
	at jdk.httpserver/com.sun.net.httpserver.Filter$Chain.doFilter(Filter.java:77)
	at jdk.httpserver/sun.net.httpserver.ServerImpl$Exchange.run(ServerImpl.java:664)
	at java.base/java.util.concurrent.ThreadPoolExecutor.runWorker(ThreadPoolExecutor.java:1128)
	at java.base/java.util.concurrent.ThreadPoolExecutor$Worker.run(ThreadPoolExecutor.java:628)
	at java.base/java.lang.Thread.run(Thread.java:834)
	Suppressed: java.io.IOException: response headers not sent yet
		at jdk.httpserver/sun.net.httpserver.PlaceholderOutputStream.checkWrap(ExchangeImpl.java:433)
		at jdk.httpserver/sun.net.httpserver.PlaceholderOutputStream.close(ExchangeImpl.java:458)
		at com.gcinterceptor.agent.Agent.handleRequest(Agent.java:42)
		... 9 more
Exception in thread "pool-1-thread-5" java.lang.NoClassDefFoundError: Could not initialize class com.gcinterceptor.core.GC
	at com.gcinterceptor.core.RuntimeEnvironment.collect(RuntimeEnvironment.java:28)
	at com.gcinterceptor.agent.Agent.handleRequest(Agent.java:36)
	at jdk.httpserver/com.sun.net.httpserver.Filter$Chain.doFilter(Filter.java:77)
	at jdk.httpserver/sun.net.httpserver.AuthFilter.doFilter(AuthFilter.java:82)
	at jdk.httpserver/com.sun.net.httpserver.Filter$Chain.doFilter(Filter.java:80)
	at jdk.httpserver/sun.net.httpserver.ServerImpl$Exchange$LinkHandler.handle(ServerImpl.java:692)
	at jdk.httpserver/com.sun.net.httpserver.Filter$Chain.doFilter(Filter.java:77)
	at jdk.httpserver/sun.net.httpserver.ServerImpl$Exchange.run(ServerImpl.java:664)
	at java.base/java.util.concurrent.ThreadPoolExecutor.runWorker(ThreadPoolExecutor.java:1128)
	at java.base/java.util.concurrent.ThreadPoolExecutor$Worker.run(ThreadPoolExecutor.java:628)
	at java.base/java.lang.Thread.run(Thread.java:834)
	Suppressed: java.io.IOException: response headers not sent yet
		at jdk.httpserver/sun.net.httpserver.PlaceholderOutputStream.checkWrap(ExchangeImpl.java:433)
		at jdk.httpserver/sun.net.httpserver.PlaceholderOutputStream.close(ExchangeImpl.java:458)
		at com.gcinterceptor.agent.Agent.handleRequest(Agent.java:42)
		... 9 more
